<?xml version="1.0" encoding="UTF-8"?>
<testsuite name="com.talkdesk.techdojo.TechDojoApplicationTests" tests="1" skipped="0" failures="0" errors="0" timestamp="2019-09-26T10:02:50" hostname="OPO-MBP-0113.local" time="0.547">
  <properties/>
  <testcase name="contextLoads" classname="com.talkdesk.techdojo.TechDojoApplicationTests" time="0.547"/>
  <system-out><![CDATA[11:02:37.690 [Test worker] DEBUG org.springframework.test.context.junit4.SpringJUnit4ClassRunner - SpringJUnit4ClassRunner constructor called with [class com.talkdesk.techdojo.TechDojoApplicationTests]
11:02:37.721 [Test worker] DEBUG org.springframework.test.context.BootstrapUtils - Instantiating CacheAwareContextLoaderDelegate from class [org.springframework.test.context.cache.DefaultCacheAwareContextLoaderDelegate]
11:02:37.762 [Test worker] DEBUG org.springframework.test.context.BootstrapUtils - Instantiating BootstrapContext using constructor [public org.springframework.test.context.support.DefaultBootstrapContext(java.lang.Class,org.springframework.test.context.CacheAwareContextLoaderDelegate)]
11:02:37.817 [Test worker] DEBUG org.springframework.test.context.BootstrapUtils - Instantiating TestContextBootstrapper for test class [com.talkdesk.techdojo.TechDojoApplicationTests] from class [org.springframework.boot.test.context.SpringBootTestContextBootstrapper]
11:02:37.858 [Test worker] INFO org.springframework.boot.test.context.SpringBootTestContextBootstrapper - Neither @ContextConfiguration nor @ContextHierarchy found for test class [com.talkdesk.techdojo.TechDojoApplicationTests], using SpringBootContextLoader
11:02:37.864 [Test worker] DEBUG org.springframework.test.context.support.AbstractContextLoader - Did not detect default resource location for test class [com.talkdesk.techdojo.TechDojoApplicationTests]: class path resource [com/talkdesk/techdojo/TechDojoApplicationTests-context.xml] does not exist
11:02:37.873 [Test worker] DEBUG org.springframework.test.context.support.AbstractContextLoader - Did not detect default resource location for test class [com.talkdesk.techdojo.TechDojoApplicationTests]: class path resource [com/talkdesk/techdojo/TechDojoApplicationTestsContext.groovy] does not exist
11:02:37.873 [Test worker] INFO org.springframework.test.context.support.AbstractContextLoader - Could not detect default resource locations for test class [com.talkdesk.techdojo.TechDojoApplicationTests]: no resource found for suffixes {-context.xml, Context.groovy}.
11:02:37.876 [Test worker] INFO org.springframework.test.context.support.AnnotationConfigContextLoaderUtils - Could not detect default configuration classes for test class [com.talkdesk.techdojo.TechDojoApplicationTests]: TechDojoApplicationTests does not declare any static, non-private, non-final, nested classes annotated with @Configuration.
11:02:37.981 [Test worker] DEBUG org.springframework.test.context.support.ActiveProfilesUtils - Could not find an 'annotation declaring class' for annotation type [org.springframework.test.context.ActiveProfiles] and class [com.talkdesk.techdojo.TechDojoApplicationTests]
11:02:38.137 [Test worker] DEBUG org.springframework.context.annotation.ClassPathScanningCandidateComponentProvider - Identified candidate component class: file [/Users/maria.paulo/Desktop/OnBoarding/tech-dojo-kotlin/build/classes/kotlin/main/com/talkdesk/techdojo/TechDojoApplication.class]
11:02:38.141 [Test worker] INFO org.springframework.boot.test.context.SpringBootTestContextBootstrapper - Found @SpringBootConfiguration com.talkdesk.techdojo.TechDojoApplication for test class com.talkdesk.techdojo.TechDojoApplicationTests
11:02:38.382 [Test worker] DEBUG org.springframework.boot.test.context.SpringBootTestContextBootstrapper - @TestExecutionListeners is not present for class [com.talkdesk.techdojo.TechDojoApplicationTests]: using defaults.
11:02:38.385 [Test worker] INFO org.springframework.boot.test.context.SpringBootTestContextBootstrapper - Loaded default TestExecutionListener class names from location [META-INF/spring.factories]: [org.springframework.boot.test.autoconfigure.restdocs.RestDocsTestExecutionListener, org.springframework.boot.test.autoconfigure.web.client.MockRestServiceServerResetTestExecutionListener, org.springframework.boot.test.autoconfigure.web.servlet.MockMvcPrintOnlyOnFailureTestExecutionListener, org.springframework.boot.test.autoconfigure.web.servlet.WebDriverTestExecutionListener, org.springframework.boot.test.mock.mockito.MockitoTestExecutionListener, org.springframework.boot.test.mock.mockito.ResetMocksTestExecutionListener, org.springframework.test.context.web.ServletTestExecutionListener, org.springframework.test.context.support.DirtiesContextBeforeModesTestExecutionListener, org.springframework.test.context.support.DependencyInjectionTestExecutionListener, org.springframework.test.context.support.DirtiesContextTestExecutionListener, org.springframework.test.context.transaction.TransactionalTestExecutionListener, org.springframework.test.context.jdbc.SqlScriptsTestExecutionListener]
11:02:38.426 [Test worker] INFO org.springframework.boot.test.context.SpringBootTestContextBootstrapper - Using TestExecutionListeners: [org.springframework.test.context.web.ServletTestExecutionListener@197d1e70, org.springframework.test.context.support.DirtiesContextBeforeModesTestExecutionListener@1d0ebdf3, org.springframework.boot.test.mock.mockito.MockitoTestExecutionListener@2c1d6358, org.springframework.boot.test.autoconfigure.SpringBootDependencyInjectionTestExecutionListener@3953561a, org.springframework.test.context.support.DirtiesContextTestExecutionListener@482c41de, org.springframework.test.context.transaction.TransactionalTestExecutionListener@20259c0d, org.springframework.test.context.jdbc.SqlScriptsTestExecutionListener@67653cf2, org.springframework.boot.test.autoconfigure.restdocs.RestDocsTestExecutionListener@44255582, org.springframework.boot.test.autoconfigure.web.client.MockRestServiceServerResetTestExecutionListener@6eadde69, org.springframework.boot.test.autoconfigure.web.servlet.MockMvcPrintOnlyOnFailureTestExecutionListener@6264e245, org.springframework.boot.test.autoconfigure.web.servlet.WebDriverTestExecutionListener@2ca8c057, org.springframework.boot.test.mock.mockito.ResetMocksTestExecutionListener@42cf0905]
11:02:38.429 [Test worker] DEBUG org.springframework.test.annotation.ProfileValueUtils - Retrieved @ProfileValueSourceConfiguration [null] for test class [com.talkdesk.techdojo.TechDojoApplicationTests]
11:02:38.430 [Test worker] DEBUG org.springframework.test.annotation.ProfileValueUtils - Retrieved ProfileValueSource type [class org.springframework.test.annotation.SystemProfileValueSource] for class [com.talkdesk.techdojo.TechDojoApplicationTests]
11:02:38.431 [Test worker] DEBUG org.springframework.test.annotation.ProfileValueUtils - Retrieved @ProfileValueSourceConfiguration [null] for test class [com.talkdesk.techdojo.TechDojoApplicationTests]
11:02:38.431 [Test worker] DEBUG org.springframework.test.annotation.ProfileValueUtils - Retrieved ProfileValueSource type [class org.springframework.test.annotation.SystemProfileValueSource] for class [com.talkdesk.techdojo.TechDojoApplicationTests]
11:02:38.438 [Test worker] DEBUG org.springframework.test.context.support.AbstractDirtiesContextTestExecutionListener - Before test class: context [DefaultTestContext@3b567280 testClass = TechDojoApplicationTests, testInstance = [null], testMethod = [null], testException = [null], mergedContextConfiguration = [WebMergedContextConfiguration@326fe09d testClass = TechDojoApplicationTests, locations = '{}', classes = '{class com.talkdesk.techdojo.TechDojoApplication}', contextInitializerClasses = '[]', activeProfiles = '{}', propertySourceLocations = '{}', propertySourceProperties = '{org.springframework.boot.test.context.SpringBootTestContextBootstrapper=true}', contextCustomizers = set[org.springframework.boot.test.autoconfigure.properties.PropertyMappingContextCustomizer@0, org.springframework.boot.test.autoconfigure.web.servlet.WebDriverContextCustomizerFactory$Customizer@7922784b, org.springframework.boot.test.context.filter.ExcludeFilterContextCustomizer@8a7ce31, org.springframework.boot.test.json.DuplicateJsonObjectContextCustomizerFactory$DuplicateJsonObjectContextCustomizer@433bbec2, org.springframework.boot.test.mock.mockito.MockitoContextCustomizer@0, org.springframework.boot.test.web.client.TestRestTemplateContextCustomizer@46b5f6e5], resourceBasePath = 'src/main/webapp', contextLoader = 'org.springframework.boot.test.context.SpringBootContextLoader', parent = [null]], attributes = map['org.springframework.test.context.web.ServletTestExecutionListener.activateListener' -> true]], class annotated with @DirtiesContext [false] with mode [null].
11:02:38.440 [Test worker] DEBUG org.springframework.test.annotation.ProfileValueUtils - Retrieved @ProfileValueSourceConfiguration [null] for test class [com.talkdesk.techdojo.TechDojoApplicationTests]
11:02:38.440 [Test worker] DEBUG org.springframework.test.annotation.ProfileValueUtils - Retrieved ProfileValueSource type [class org.springframework.test.annotation.SystemProfileValueSource] for class [com.talkdesk.techdojo.TechDojoApplicationTests]
11:02:38.479 [Test worker] DEBUG org.springframework.test.context.support.TestPropertySourceUtils - Adding inlined properties to environment: {spring.jmx.enabled=false, org.springframework.boot.test.context.SpringBootTestContextBootstrapper=true, server.port=-1}

  .   ____          _            __ _ _
 /\\ / ___'_ __ _ _(_)_ __  __ _ \ \ \ \
( ( )\___ | '_ | '_| | '_ \/ _` | \ \ \ \
 \\/  ___)| |_)| | | | | || (_| |  ) ) ) )
  '  |____| .__|_| |_|_| |_\__, | / / / /
 =========|_|==============|___/=/_/_/_/
 :: Spring Boot ::        (v2.1.8.RELEASE)

2019-09-26 11:02:44.014  INFO 42055 --- [    Test worker] c.t.techdojo.TechDojoApplicationTests    : Starting TechDojoApplicationTests on OPO-MBP-0113.local with PID 42055 (started by maria.paulo in /Users/maria.paulo/Desktop/OnBoarding/tech-dojo-kotlin)
2019-09-26 11:02:44.021  INFO 42055 --- [    Test worker] c.t.techdojo.TechDojoApplicationTests    : No active profile set, falling back to default profiles: default
2019-09-26 11:02:44.987  INFO 42055 --- [    Test worker] .s.d.r.c.RepositoryConfigurationDelegate : Bootstrapping Spring Data repositories in DEFAULT mode.
2019-09-26 11:02:45.108  INFO 42055 --- [    Test worker] .s.d.r.c.RepositoryConfigurationDelegate : Finished Spring Data repository scanning in 105ms. Found 1 repository interfaces.
2019-09-26 11:02:45.778  INFO 42055 --- [    Test worker] trationDelegate$BeanPostProcessorChecker : Bean 'org.springframework.transaction.annotation.ProxyTransactionManagementConfiguration' of type [org.springframework.transaction.annotation.ProxyTransactionManagementConfiguration$$EnhancerBySpringCGLIB$$bfbdaab] is not eligible for getting processed by all BeanPostProcessors (for example: not eligible for auto-proxying)
2019-09-26 11:02:46.316  INFO 42055 --- [    Test worker] o.hibernate.jpa.internal.util.LogHelper  : HHH000204: Processing PersistenceUnitInfo [
	name: default
	...]
2019-09-26 11:02:46.418  INFO 42055 --- [    Test worker] org.hibernate.Version                    : HHH000412: Hibernate Core {5.3.11.Final}
2019-09-26 11:02:46.421  INFO 42055 --- [    Test worker] org.hibernate.cfg.Environment            : HHH000206: hibernate.properties not found
2019-09-26 11:02:46.681  INFO 42055 --- [    Test worker] o.hibernate.annotations.common.Version   : HCANN000001: Hibernate Commons Annotations {5.0.4.Final}
2019-09-26 11:02:46.851  INFO 42055 --- [    Test worker] com.zaxxer.hikari.HikariDataSource       : HikariPool-1 - Starting...
2019-09-26 11:02:47.028  INFO 42055 --- [    Test worker] com.zaxxer.hikari.HikariDataSource       : HikariPool-1 - Start completed.
2019-09-26 11:02:47.057  INFO 42055 --- [    Test worker] org.hibernate.dialect.Dialect            : HHH000400: Using dialect: org.hibernate.dialect.PostgreSQL95Dialect
2019-09-26 11:02:47.413  INFO 42055 --- [    Test worker] o.h.e.j.e.i.LobCreatorBuilderImpl        : HHH000421: Disabling contextual LOB creation as hibernate.jdbc.lob.non_contextual_creation is true
2019-09-26 11:02:47.430  INFO 42055 --- [    Test worker] org.hibernate.type.BasicTypeRegistry     : HHH000270: Type registration [java.util.UUID] overrides previous : org.hibernate.type.UUIDBinaryType@5b2c9269
2019-09-26 11:02:48.183  INFO 42055 --- [    Test worker] j.LocalContainerEntityManagerFactoryBean : Initialized JPA EntityManagerFactory for persistence unit 'default'
2019-09-26 11:02:49.326  WARN 42055 --- [    Test worker] aWebConfiguration$JpaWebMvcConfiguration : spring.jpa.open-in-view is enabled by default. Therefore, database queries may be performed during view rendering. Explicitly configure spring.jpa.open-in-view to disable this warning
2019-09-26 11:02:50.844  INFO 42055 --- [    Test worker] c.t.techdojo.TechDojoApplicationTests    : Started TechDojoApplicationTests in 12.322 seconds (JVM running for 14.781)
]]></system-out>
  <system-err><![CDATA[]]></system-err>
</testsuite>
